Using pre-set license
Built from '2020.3/staging' branch; Version is '2020.3.8f1 (507919d4fff5) revision 5273881'; Using compiler version '192528614'; Build Type 'Release'
OS: 'Windows 10 Pro; OS build 19043.1110; Version 2009; 64bit' Language: 'es' Physical Memory: 6028 MB
BatchMode: 1, IsHumanControllingUs: 0, StartBugReporterOnCrash: 0, Is64bit: 1, IsPro: 0

 COMMAND LINE ARGUMENTS:
C:\Program Files\Unity\Hub\Editor\2020.3.8f1\Editor\Unity.exe
-adb2
-batchMode
-noUpm
-name
AssetImportWorker0
-projectPath
C:/Users/neo_s/Desktop/GitHub/Niveles/Ejemplo
-logFile
Logs/AssetImportWorker0.log
-srvPort
63751
Successfully changed project path to: C:/Users/neo_s/Desktop/GitHub/Niveles/Ejemplo
C:/Users/neo_s/Desktop/GitHub/Niveles/Ejemplo
Using Asset Import Pipeline V2.
Refreshing native plugins compatible for Editor in 73.70 ms, found 0 plugins.
Preloading 0 native plugins for Editor in 0.00 ms.
Initialize engine version: 2020.3.8f1 (507919d4fff5)
[Subsystems] Discovering subsystems at path C:/Program Files/Unity/Hub/Editor/2020.3.8f1/Editor/Data/Resources/UnitySubsystems
[Subsystems] Discovering subsystems at path C:/Users/neo_s/Desktop/GitHub/Niveles/Ejemplo/Assets
GfxDevice: creating device client; threaded=0
Direct3D:
    Version:  Direct3D 11.0 [level 11.0]
    Renderer: Intel(R) HD Graphics (ID=0x152)
    Vendor:   
    VRAM:     128 MB
    Driver:   10.18.10.4252
Initialize mono
Mono path[0] = 'C:/Program Files/Unity/Hub/Editor/2020.3.8f1/Editor/Data/Managed'
Mono path[1] = 'C:/Program Files/Unity/Hub/Editor/2020.3.8f1/Editor/Data/MonoBleedingEdge/lib/mono/unityjit'
Mono config path = 'C:/Program Files/Unity/Hub/Editor/2020.3.8f1/Editor/Data/MonoBleedingEdge/etc'
Using monoOptions --debugger-agent=transport=dt_socket,embedding=1,server=y,suspend=n,address=127.0.0.1:56496
Begin MonoManager ReloadAssembly
Registering precompiled unity dll's ...
Register platform support module: C:/Program Files/Unity/Hub/Editor/2020.3.8f1/Editor/Data/PlaybackEngines/WindowsStandaloneSupport/UnityEditor.WindowsStandalone.Extensions.dll
Registered in 0.002825 seconds.
Native extension for WindowsStandalone target not found
Refreshing native plugins compatible for Editor in 58.03 ms, found 0 plugins.
Preloading 0 native plugins for Editor in 0.00 ms.
Mono: successfully reloaded assembly
- Completed reload, in  1.490 seconds
Platform modules already initialized, skipping
Registering precompiled user dll's ...
Registered in 0.003047 seconds.
Begin MonoManager ReloadAssembly
Native extension for WindowsStandalone target not found
Refreshing native plugins compatible for Editor in 0.76 ms, found 0 plugins.
Preloading 0 native plugins for Editor in 0.00 ms.
Mono: successfully reloaded assembly
- Completed reload, in  1.327 seconds
Platform modules already initialized, skipping
========================================================================
Worker process is ready to serve import requests
Launched and connected shader compiler UnityShaderCompiler.exe after 0.06 seconds
Refreshing native plugins compatible for Editor in 1.20 ms, found 0 plugins.
Preloading 0 native plugins for Editor in 0.00 ms.
Unloading 1659 Unused Serialized files (Serialized files now loaded: 0)
System memory in use before: 71.1 MB.
System memory in use after: 71.1 MB.

Unloading 49 unused Assets to reduce memory usage. Loaded Objects now: 2072.
Total: 7.681000 ms (FindLiveObjects: 0.290000 ms CreateObjectMapping: 0.201100 ms MarkObjects: 7.076900 ms  DeleteObjects: 0.110500 ms)

========================================================================
Received Import Request.
  path: Assets/Scenes/Menu.unity
  artifactKey: Guid(c1ad2ac39994bec48bc81af8a7d68b38) Importer(815301076,1909f56bfc062723c751e8b465ee728b)
Start importing Assets/Scenes/Menu.unity using Guid(c1ad2ac39994bec48bc81af8a7d68b38) Importer(815301076,1909f56bfc062723c751e8b465ee728b)  -> (artifact id: '2469f6c6191a30e08e1f3b6eb2b9b841') in 0.114397 seconds
  Import took 0.131792 seconds .

========================================================================
Received Import Request.
  Time since last request: 0.012148 seconds.
  path: Assets/Scenes/Nivel_1.unity
  artifactKey: Guid(ac647be9b7b663f4f9255d617f841953) Importer(815301076,1909f56bfc062723c751e8b465ee728b)
Start importing Assets/Scenes/Nivel_1.unity using Guid(ac647be9b7b663f4f9255d617f841953) Importer(815301076,1909f56bfc062723c751e8b465ee728b)  -> (artifact id: '4cbefffd46bb4053ac1256ba2a13115b') in 0.010954 seconds
  Import took 0.014922 seconds .

========================================================================
Received Import Request.
  Time since last request: 0.012604 seconds.
  path: Assets/Scenes/Nivel_3.unity
  artifactKey: Guid(41161d78c0c3de0479261c6a1ab54fc2) Importer(815301076,1909f56bfc062723c751e8b465ee728b)
Start importing Assets/Scenes/Nivel_3.unity using Guid(41161d78c0c3de0479261c6a1ab54fc2) Importer(815301076,1909f56bfc062723c751e8b465ee728b)  -> (artifact id: '7780d12c065543f9c3ab7f1792b4092d') in 0.008770 seconds
  Import took 0.013929 seconds .

========================================================================
Received Import Request.
  Time since last request: 0.039010 seconds.
  path: Assets/Scenes/Nivel_6.unity
  artifactKey: Guid(f16b22665633da646836732f6435e3d0) Importer(815301076,1909f56bfc062723c751e8b465ee728b)
Start importing Assets/Scenes/Nivel_6.unity using Guid(f16b22665633da646836732f6435e3d0) Importer(815301076,1909f56bfc062723c751e8b465ee728b)  -> (artifact id: 'a0bd792e279f63ed644fa8818f2fb83f') in 0.011016 seconds
  Import took 0.034961 seconds .

========================================================================
Received Import Request.
  Time since last request: 0.010116 seconds.
  path: Assets/Scenes
  artifactKey: Guid(0eb53edc7b40c6943b2591b741068f68) Importer(815301076,1909f56bfc062723c751e8b465ee728b)
Start importing Assets/Scenes using Guid(0eb53edc7b40c6943b2591b741068f68) Importer(815301076,1909f56bfc062723c751e8b465ee728b)  -> (artifact id: 'd23df434dfd2e65f66644f3f41ca3632') in 0.009377 seconds
  Import took 0.013732 seconds .

========================================================================
Received Import Request.
  Time since last request: 0.055976 seconds.
  path: Assets/CargarYGuardar.cs
  artifactKey: Guid(709669b3f0bdc08478b35a136b73193d) Importer(815301076,1909f56bfc062723c751e8b465ee728b)
Start importing Assets/CargarYGuardar.cs using Guid(709669b3f0bdc08478b35a136b73193d) Importer(815301076,1909f56bfc062723c751e8b465ee728b)  -> (artifact id: 'e16a26bdfeb247f942331b703edce236') in 0.127149 seconds
  Import took 0.131875 seconds .

========================================================================
Received Import Request.
  Time since last request: 0.022839 seconds.
  path: Assets/Scenes/Nivel_5.unity
  artifactKey: Guid(71c375f6a08efd34280705959b08b85f) Importer(815301076,1909f56bfc062723c751e8b465ee728b)
Start importing Assets/Scenes/Nivel_5.unity using Guid(71c375f6a08efd34280705959b08b85f) Importer(815301076,1909f56bfc062723c751e8b465ee728b)  -> (artifact id: '733c45cc3ba505d097ffad96997651ae') in 0.013094 seconds
  Import took 0.018433 seconds .

========================================================================
Received Import Request.
  Time since last request: 0.000101 seconds.
  path: Assets/Scenes/Nivel_8.unity
  artifactKey: Guid(daa14a86fddffec499f1590d5c6438bd) Importer(815301076,1909f56bfc062723c751e8b465ee728b)
Start importing Assets/Scenes/Nivel_8.unity using Guid(daa14a86fddffec499f1590d5c6438bd) Importer(815301076,1909f56bfc062723c751e8b465ee728b)  -> (artifact id: 'aa315f195683b98ac4c0c06ab7391bcd') in 0.011252 seconds
  Import took 0.016123 seconds .

========================================================================
Received Import Request.
  Time since last request: 0.040601 seconds.
  path: Assets/ControlPuntuacion.cs
  artifactKey: Guid(ef4b91b385eb68a4cbfb7dde2fae16f5) Importer(815301076,1909f56bfc062723c751e8b465ee728b)
Start importing Assets/ControlPuntuacion.cs using Guid(ef4b91b385eb68a4cbfb7dde2fae16f5) Importer(815301076,1909f56bfc062723c751e8b465ee728b)  -> (artifact id: '806c2cd0695863890897127b33b8e7b3') in 0.028516 seconds
  Import took 0.033665 seconds .

========================================================================
Received Import Request.
  Time since last request: 0.077159 seconds.
  path: Assets/Scenes/Nivel_2.unity
  artifactKey: Guid(db793fcd33e57b943bdec2d31b19f2d3) Importer(815301076,1909f56bfc062723c751e8b465ee728b)
Start importing Assets/Scenes/Nivel_2.unity using Guid(db793fcd33e57b943bdec2d31b19f2d3) Importer(815301076,1909f56bfc062723c751e8b465ee728b)  -> (artifact id: 'fe71bebad5ba65d6a8df4c0e5914f33f') in 0.012439 seconds
  Import took 0.021964 seconds .

========================================================================
Received Import Request.
  Time since last request: 0.014844 seconds.
  path: Assets/Scenes/Nivel_7.unity
  artifactKey: Guid(9b3442332488d554cbbb794872f04066) Importer(815301076,1909f56bfc062723c751e8b465ee728b)
Start importing Assets/Scenes/Nivel_7.unity using Guid(9b3442332488d554cbbb794872f04066) Importer(815301076,1909f56bfc062723c751e8b465ee728b)  -> (artifact id: 'fed4bc521b6dda6c01d48a0067d1ebab') in 0.011851 seconds
  Import took 0.015935 seconds .

========================================================================
Received Import Request.
  Time since last request: 0.011177 seconds.
  path: Assets/Scenes/Nivel_4.unity
  artifactKey: Guid(2f81dd6288b9aef46ab65be875f32ab6) Importer(815301076,1909f56bfc062723c751e8b465ee728b)
Start importing Assets/Scenes/Nivel_4.unity using Guid(2f81dd6288b9aef46ab65be875f32ab6) Importer(815301076,1909f56bfc062723c751e8b465ee728b)  -> (artifact id: 'f3add65267f1031028c5ad0972b7fbce') in 0.009631 seconds
  Import took 0.014283 seconds .

AssetImportWorkerClient::OnTransportError - code=2 error=End of file
