Using pre-set license
Built from '2020.3/staging' branch; Version is '2020.3.8f1 (507919d4fff5) revision 5273881'; Using compiler version '192528614'; Build Type 'Release'
OS: 'Windows 10 Pro; OS build 19043.1110; Version 2009; 64bit' Language: 'es' Physical Memory: 6028 MB
BatchMode: 1, IsHumanControllingUs: 0, StartBugReporterOnCrash: 0, Is64bit: 1, IsPro: 0

 COMMAND LINE ARGUMENTS:
C:\Program Files\Unity\Hub\Editor\2020.3.8f1\Editor\Unity.exe
-adb2
-batchMode
-noUpm
-name
AssetImportWorker0
-projectPath
C:/Users/neo_s/Desktop/Proyectos/EjemNiveles
-logFile
Logs/AssetImportWorker0.log
-srvPort
50668
Successfully changed project path to: C:/Users/neo_s/Desktop/Proyectos/EjemNiveles
C:/Users/neo_s/Desktop/Proyectos/EjemNiveles
Using Asset Import Pipeline V2.
Refreshing native plugins compatible for Editor in 74.80 ms, found 0 plugins.
Preloading 0 native plugins for Editor in 0.00 ms.
Initialize engine version: 2020.3.8f1 (507919d4fff5)
[Subsystems] Discovering subsystems at path C:/Program Files/Unity/Hub/Editor/2020.3.8f1/Editor/Data/Resources/UnitySubsystems
[Subsystems] Discovering subsystems at path C:/Users/neo_s/Desktop/Proyectos/EjemNiveles/Assets
GfxDevice: creating device client; threaded=0
Direct3D:
    Version:  Direct3D 11.0 [level 11.0]
    Renderer: Intel(R) HD Graphics (ID=0x152)
    Vendor:   
    VRAM:     128 MB
    Driver:   10.18.10.4252
Initialize mono
Mono path[0] = 'C:/Program Files/Unity/Hub/Editor/2020.3.8f1/Editor/Data/Managed'
Mono path[1] = 'C:/Program Files/Unity/Hub/Editor/2020.3.8f1/Editor/Data/MonoBleedingEdge/lib/mono/unityjit'
Mono config path = 'C:/Program Files/Unity/Hub/Editor/2020.3.8f1/Editor/Data/MonoBleedingEdge/etc'
Using monoOptions --debugger-agent=transport=dt_socket,embedding=1,server=y,suspend=n,address=127.0.0.1:56480
Begin MonoManager ReloadAssembly
Registering precompiled unity dll's ...
Register platform support module: C:/Program Files/Unity/Hub/Editor/2020.3.8f1/Editor/Data/PlaybackEngines/WindowsStandaloneSupport/UnityEditor.WindowsStandalone.Extensions.dll
Registered in 0.002683 seconds.
Native extension for WindowsStandalone target not found
Refreshing native plugins compatible for Editor in 58.62 ms, found 0 plugins.
Preloading 0 native plugins for Editor in 0.00 ms.
Mono: successfully reloaded assembly
- Completed reload, in  1.481 seconds
Platform modules already initialized, skipping
Registering precompiled user dll's ...
Registered in 0.002865 seconds.
Begin MonoManager ReloadAssembly
Native extension for WindowsStandalone target not found
Refreshing native plugins compatible for Editor in 0.81 ms, found 0 plugins.
Preloading 0 native plugins for Editor in 0.00 ms.
Mono: successfully reloaded assembly
- Completed reload, in  1.319 seconds
Platform modules already initialized, skipping
========================================================================
Worker process is ready to serve import requests
Launched and connected shader compiler UnityShaderCompiler.exe after 0.14 seconds
Refreshing native plugins compatible for Editor in 1.18 ms, found 0 plugins.
Preloading 0 native plugins for Editor in 0.00 ms.
Unloading 1659 Unused Serialized files (Serialized files now loaded: 0)
System memory in use before: 71.1 MB.
System memory in use after: 71.2 MB.

Unloading 49 unused Assets to reduce memory usage. Loaded Objects now: 2072.
Total: 6.664000 ms (FindLiveObjects: 0.242400 ms CreateObjectMapping: 0.157100 ms MarkObjects: 6.158300 ms  DeleteObjects: 0.103800 ms)

========================================================================
Received Import Request.
  path: Assets/ControlJuego.cs
  artifactKey: Guid(96146354f72d33048a91cabcebf708de) Importer(815301076,1909f56bfc062723c751e8b465ee728b)
Start importing Assets/ControlJuego.cs using Guid(96146354f72d33048a91cabcebf708de) Importer(815301076,1909f56bfc062723c751e8b465ee728b)  -> (artifact id: '440c53fc251fac7b98581290803c2b91') in 0.138637 seconds
  Import took 0.161549 seconds .

========================================================================
Received Prepare
Refreshing native plugins compatible for Editor in 31.74 ms, found 0 plugins.
Preloading 0 native plugins for Editor in 0.00 ms.
Unloading 38 Unused Serialized files (Serialized files now loaded: 0)
System memory in use before: 38.8 MB.
System memory in use after: 38.9 MB.

Unloading 38 unused Assets to reduce memory usage. Loaded Objects now: 2072.
Total: 6.674800 ms (FindLiveObjects: 0.224500 ms CreateObjectMapping: 0.156600 ms MarkObjects: 6.255800 ms  DeleteObjects: 0.036500 ms)

AssetImportWorkerClient::OnTransportError - code=2 error=End of file
